<?xml version="1.0" encoding="UTF-8" ?>
<testsuite failures="0" time="0.338" errors="0" skipped="4" tests="5" name="bing_search_Test">
  <properties>
    <property name="java.runtime.name" value="Java(TM) SE Runtime Environment"/>
    <property name="sun.boot.library.path" value="C:\Program Files\Java\jdk1.6.0\jre\bin"/>
    <property name="java.vm.version" value="1.6.0-b105"/>
    <property name="java.vm.vendor" value="Sun Microsystems Inc."/>
    <property name="java.vendor.url" value="http://java.sun.com/"/>
    <property name="path.separator" value=";"/>
    <property name="java.vm.name" value="Java HotSpot(TM) Client VM"/>
    <property name="file.encoding.pkg" value="sun.io"/>
    <property name="user.country" value="US"/>
    <property name="sun.java.launcher" value="SUN_STANDARD"/>
    <property name="sun.os.patch.level" value=""/>
    <property name="java.vm.specification.name" value="Java Virtual Machine Specification"/>
    <property name="user.dir" value="C:\New\Sample"/>
    <property name="java.runtime.version" value="1.6.0-b105"/>
    <property name="java.awt.graphicsenv" value="sun.awt.Win32GraphicsEnvironment"/>
    <property name="basedir" value="C:\New\Sample"/>
    <property name="java.endorsed.dirs" value="C:\Program Files\Java\jdk1.6.0\jre\lib\endorsed"/>
    <property name="os.arch" value="x86"/>
    <property name="surefire.real.class.path" value="C:\Users\ANUBHA~1\AppData\Local\Temp\surefirebooter27132.jar"/>
    <property name="java.io.tmpdir" value="C:\Users\ANUBHA~1\AppData\Local\Temp\"/>
    <property name="line.separator" value="
"/>
    <property name="java.vm.specification.vendor" value="Sun Microsystems Inc."/>
    <property name="user.variant" value=""/>
    <property name="os.name" value="Windows Vista"/>
    <property name="sun.jnu.encoding" value="Cp1252"/>
    <property name="java.library.path" value="C:\Program Files\Java\jdk1.6.0\jre\bin;.;C:\Windows\Sun\Java\bin;C:\Windows\system32;C:\Windows;C:/Program Files/Java/jre6/bin/client;C:/Program Files/Java/jre6/bin;C:\Program Files\Common Files\Microsoft Shared\Windows Live;C:\Windows\system32;C:\Windows;C:\Windows\System32\Wbem;C:\Windows\System32\WindowsPowerShell\v1.0\;C:\Program Files\Java\jdk1.6.0\bin;C:\Program Files\Java\jdk1.6.0\lib;C:\apache-maven-3.0.3\lib;C:\Program Files\Windows Live\Shared;C:\apache-maven-3.0.3\bin;C:\Program Files\Sikuli X\libs;C:\Program Files\Java\jre6\\bin"/>
    <property name="surefire.test.class.path" value="C:\New\Sample\target\test-classes;C:\New\Sample\target\classes;C:\Users\anubhavagarwal\.m2\repository\org\seleniumhq\selenium\selenium-java\2.12.0\selenium-java-2.12.0.jar;C:\Users\anubhavagarwal\.m2\repository\org\seleniumhq\selenium\selenium-android-driver\2.12.0\selenium-android-driver-2.12.0.jar;C:\Users\anubhavagarwal\.m2\repository\org\seleniumhq\selenium\selenium-remote-driver\2.12.0\selenium-remote-driver-2.12.0.jar;C:\Users\anubhavagarwal\.m2\repository\cglib\cglib-nodep\2.1_3\cglib-nodep-2.1_3.jar;C:\Users\anubhavagarwal\.m2\repository\org\json\json\20080701\json-20080701.jar;C:\Users\anubhavagarwal\.m2\repository\org\seleniumhq\selenium\selenium-chrome-driver\2.12.0\selenium-chrome-driver-2.12.0.jar;C:\Users\anubhavagarwal\.m2\repository\org\seleniumhq\selenium\selenium-htmlunit-driver\2.12.0\selenium-htmlunit-driver-2.12.0.jar;C:\Users\anubhavagarwal\.m2\repository\org\seleniumhq\selenium\selenium-api\2.12.0\selenium-api-2.12.0.jar;C:\Users\anubhavagarwal\.m2\repository\com\google\guava\guava\10.0.1\guava-10.0.1.jar;C:\Users\anubhavagarwal\.m2\repository\com\google\code\findbugs\jsr305\1.3.9\jsr305-1.3.9.jar;C:\Users\anubhavagarwal\.m2\repository\net\sourceforge\htmlunit\htmlunit\2.9\htmlunit-2.9.jar;C:\Users\anubhavagarwal\.m2\repository\xalan\xalan\2.7.1\xalan-2.7.1.jar;C:\Users\anubhavagarwal\.m2\repository\xalan\serializer\2.7.1\serializer-2.7.1.jar;C:\Users\anubhavagarwal\.m2\repository\commons-collections\commons-collections\3.2.1\commons-collections-3.2.1.jar;C:\Users\anubhavagarwal\.m2\repository\commons-lang\commons-lang\2.6\commons-lang-2.6.jar;C:\Users\anubhavagarwal\.m2\repository\org\apache\httpcomponents\httpmime\4.1.2\httpmime-4.1.2.jar;C:\Users\anubhavagarwal\.m2\repository\commons-codec\commons-codec\1.4\commons-codec-1.4.jar;C:\Users\anubhavagarwal\.m2\repository\net\sourceforge\htmlunit\htmlunit-core-js\2.9\htmlunit-core-js-2.9.jar;C:\Users\anubhavagarwal\.m2\repository\xerces\xercesImpl\2.9.1\xercesImpl-2.9.1.jar;C:\Users\anubhavagarwal\.m2\repository\xml-apis\xml-apis\1.3.04\xml-apis-1.3.04.jar;C:\Users\anubhavagarwal\.m2\repository\net\sourceforge\nekohtml\nekohtml\1.9.15\nekohtml-1.9.15.jar;C:\Users\anubhavagarwal\.m2\repository\net\sourceforge\cssparser\cssparser\0.9.5\cssparser-0.9.5.jar;C:\Users\anubhavagarwal\.m2\repository\org\w3c\css\sac\1.3\sac-1.3.jar;C:\Users\anubhavagarwal\.m2\repository\commons-logging\commons-logging\1.1.1\commons-logging-1.1.1.jar;C:\Users\anubhavagarwal\.m2\repository\org\apache\httpcomponents\httpclient\4.1.2\httpclient-4.1.2.jar;C:\Users\anubhavagarwal\.m2\repository\org\apache\httpcomponents\httpcore\4.1.2\httpcore-4.1.2.jar;C:\Users\anubhavagarwal\.m2\repository\org\seleniumhq\selenium\selenium-firefox-driver\2.12.0\selenium-firefox-driver-2.12.0.jar;C:\Users\anubhavagarwal\.m2\repository\commons-io\commons-io\2.0.1\commons-io-2.0.1.jar;C:\Users\anubhavagarwal\.m2\repository\org\seleniumhq\selenium\selenium-ie-driver\2.12.0\selenium-ie-driver-2.12.0.jar;C:\Users\anubhavagarwal\.m2\repository\net\java\dev\jna\jna\3.3.0\jna-3.3.0.jar;C:\Users\anubhavagarwal\.m2\repository\org\seleniumhq\selenium\selenium-iphone-driver\2.12.0\selenium-iphone-driver-2.12.0.jar;C:\Users\anubhavagarwal\.m2\repository\org\seleniumhq\selenium\selenium-support\2.12.0\selenium-support-2.12.0.jar;C:\Users\anubhavagarwal\.m2\repository\cuke4duke\cuke4duke\0.4.3\cuke4duke-0.4.3.jar;C:\Users\anubhavagarwal\.m2\repository\org\jruby\jruby-complete\1.5.6\jruby-complete-1.5.6.jar;C:\Users\anubhavagarwal\.m2\repository\org\apache\ant\ant\1.8.2\ant-1.8.2.jar;C:\Users\anubhavagarwal\.m2\repository\org\apache\ant\ant-launcher\1.8.2\ant-launcher-1.8.2.jar;C:\Users\anubhavagarwal\.m2\repository\info\cukes\cucumber-picocontainer\1.0.0.RC4\cucumber-picocontainer-1.0.0.RC4.jar;C:\Users\anubhavagarwal\.m2\repository\info\cukes\cucumber-java\1.0.0.RC4\cucumber-java-1.0.0.RC4.jar;C:\Users\anubhavagarwal\.m2\repository\info\cukes\cucumber-junit\1.0.0.RC4\cucumber-junit-1.0.0.RC4.jar;C:\Users\anubhavagarwal\.m2\repository\info\cukes\cucumber-core\1.0.0.RC4\cucumber-core-1.0.0.RC4.jar;C:\Users\anubhavagarwal\.m2\repository\info\cukes\gherkin\2.7.3\gherkin-2.7.3.jar;C:\Users\anubhavagarwal\.m2\repository\com\googlecode\json-simple\json-simple\1.1\json-simple-1.1.jar;C:\Users\anubhavagarwal\.m2\repository\net\iharder\base64\2.3.8\base64-2.3.8.jar;C:\Users\anubhavagarwal\.m2\repository\info\cukes\cucumber-html\0.2.1\cucumber-html-0.2.1.jar;C:\Users\anubhavagarwal\.m2\repository\com\thoughtworks\xstream\xstream\1.4.2\xstream-1.4.2.jar;C:\Users\anubhavagarwal\.m2\repository\xmlpull\xmlpull\1.1.3.1\xmlpull-1.1.3.1.jar;C:\Users\anubhavagarwal\.m2\repository\xpp3\xpp3_min\1.1.4c\xpp3_min-1.1.4c.jar;C:\Users\anubhavagarwal\.m2\repository\com\googlecode\java-diff-utils\diffutils\1.2.1\diffutils-1.2.1.jar;C:\Users\anubhavagarwal\.m2\repository\com\google\code\gson\gson\2.1\gson-2.1.jar;C:\Users\anubhavagarwal\.m2\repository\org\picocontainer\picocontainer\2.0\picocontainer-2.0.jar;C:\Users\anubhavagarwal\.m2\repository\junit\junit\4.8.1\junit-4.8.1.jar;"/>
    <property name="java.specification.name" value="Java Platform API Specification"/>
    <property name="java.class.version" value="50.0"/>
    <property name="sun.management.compiler" value="HotSpot Client Compiler"/>
    <property name="os.version" value="6.1"/>
    <property name="user.home" value="C:\Users\anubhavagarwal"/>
    <property name="user.timezone" value=""/>
    <property name="java.awt.printerjob" value="sun.awt.windows.WPrinterJob"/>
    <property name="java.specification.version" value="1.6"/>
    <property name="file.encoding" value="Cp1252"/>
    <property name="user.name" value="anubhavagarwal"/>
    <property name="java.class.path" value="C:\New\Sample\target\test-classes;C:\New\Sample\target\classes;C:\Users\anubhavagarwal\.m2\repository\org\seleniumhq\selenium\selenium-java\2.12.0\selenium-java-2.12.0.jar;C:\Users\anubhavagarwal\.m2\repository\org\seleniumhq\selenium\selenium-android-driver\2.12.0\selenium-android-driver-2.12.0.jar;C:\Users\anubhavagarwal\.m2\repository\org\seleniumhq\selenium\selenium-remote-driver\2.12.0\selenium-remote-driver-2.12.0.jar;C:\Users\anubhavagarwal\.m2\repository\cglib\cglib-nodep\2.1_3\cglib-nodep-2.1_3.jar;C:\Users\anubhavagarwal\.m2\repository\org\json\json\20080701\json-20080701.jar;C:\Users\anubhavagarwal\.m2\repository\org\seleniumhq\selenium\selenium-chrome-driver\2.12.0\selenium-chrome-driver-2.12.0.jar;C:\Users\anubhavagarwal\.m2\repository\org\seleniumhq\selenium\selenium-htmlunit-driver\2.12.0\selenium-htmlunit-driver-2.12.0.jar;C:\Users\anubhavagarwal\.m2\repository\org\seleniumhq\selenium\selenium-api\2.12.0\selenium-api-2.12.0.jar;C:\Users\anubhavagarwal\.m2\repository\com\google\guava\guava\10.0.1\guava-10.0.1.jar;C:\Users\anubhavagarwal\.m2\repository\com\google\code\findbugs\jsr305\1.3.9\jsr305-1.3.9.jar;C:\Users\anubhavagarwal\.m2\repository\net\sourceforge\htmlunit\htmlunit\2.9\htmlunit-2.9.jar;C:\Users\anubhavagarwal\.m2\repository\xalan\xalan\2.7.1\xalan-2.7.1.jar;C:\Users\anubhavagarwal\.m2\repository\xalan\serializer\2.7.1\serializer-2.7.1.jar;C:\Users\anubhavagarwal\.m2\repository\commons-collections\commons-collections\3.2.1\commons-collections-3.2.1.jar;C:\Users\anubhavagarwal\.m2\repository\commons-lang\commons-lang\2.6\commons-lang-2.6.jar;C:\Users\anubhavagarwal\.m2\repository\org\apache\httpcomponents\httpmime\4.1.2\httpmime-4.1.2.jar;C:\Users\anubhavagarwal\.m2\repository\commons-codec\commons-codec\1.4\commons-codec-1.4.jar;C:\Users\anubhavagarwal\.m2\repository\net\sourceforge\htmlunit\htmlunit-core-js\2.9\htmlunit-core-js-2.9.jar;C:\Users\anubhavagarwal\.m2\repository\xerces\xercesImpl\2.9.1\xercesImpl-2.9.1.jar;C:\Users\anubhavagarwal\.m2\repository\xml-apis\xml-apis\1.3.04\xml-apis-1.3.04.jar;C:\Users\anubhavagarwal\.m2\repository\net\sourceforge\nekohtml\nekohtml\1.9.15\nekohtml-1.9.15.jar;C:\Users\anubhavagarwal\.m2\repository\net\sourceforge\cssparser\cssparser\0.9.5\cssparser-0.9.5.jar;C:\Users\anubhavagarwal\.m2\repository\org\w3c\css\sac\1.3\sac-1.3.jar;C:\Users\anubhavagarwal\.m2\repository\commons-logging\commons-logging\1.1.1\commons-logging-1.1.1.jar;C:\Users\anubhavagarwal\.m2\repository\org\apache\httpcomponents\httpclient\4.1.2\httpclient-4.1.2.jar;C:\Users\anubhavagarwal\.m2\repository\org\apache\httpcomponents\httpcore\4.1.2\httpcore-4.1.2.jar;C:\Users\anubhavagarwal\.m2\repository\org\seleniumhq\selenium\selenium-firefox-driver\2.12.0\selenium-firefox-driver-2.12.0.jar;C:\Users\anubhavagarwal\.m2\repository\commons-io\commons-io\2.0.1\commons-io-2.0.1.jar;C:\Users\anubhavagarwal\.m2\repository\org\seleniumhq\selenium\selenium-ie-driver\2.12.0\selenium-ie-driver-2.12.0.jar;C:\Users\anubhavagarwal\.m2\repository\net\java\dev\jna\jna\3.3.0\jna-3.3.0.jar;C:\Users\anubhavagarwal\.m2\repository\org\seleniumhq\selenium\selenium-iphone-driver\2.12.0\selenium-iphone-driver-2.12.0.jar;C:\Users\anubhavagarwal\.m2\repository\org\seleniumhq\selenium\selenium-support\2.12.0\selenium-support-2.12.0.jar;C:\Users\anubhavagarwal\.m2\repository\cuke4duke\cuke4duke\0.4.3\cuke4duke-0.4.3.jar;C:\Users\anubhavagarwal\.m2\repository\org\jruby\jruby-complete\1.5.6\jruby-complete-1.5.6.jar;C:\Users\anubhavagarwal\.m2\repository\org\apache\ant\ant\1.8.2\ant-1.8.2.jar;C:\Users\anubhavagarwal\.m2\repository\org\apache\ant\ant-launcher\1.8.2\ant-launcher-1.8.2.jar;C:\Users\anubhavagarwal\.m2\repository\info\cukes\cucumber-picocontainer\1.0.0.RC4\cucumber-picocontainer-1.0.0.RC4.jar;C:\Users\anubhavagarwal\.m2\repository\info\cukes\cucumber-java\1.0.0.RC4\cucumber-java-1.0.0.RC4.jar;C:\Users\anubhavagarwal\.m2\repository\info\cukes\cucumber-junit\1.0.0.RC4\cucumber-junit-1.0.0.RC4.jar;C:\Users\anubhavagarwal\.m2\repository\info\cukes\cucumber-core\1.0.0.RC4\cucumber-core-1.0.0.RC4.jar;C:\Users\anubhavagarwal\.m2\repository\info\cukes\gherkin\2.7.3\gherkin-2.7.3.jar;C:\Users\anubhavagarwal\.m2\repository\com\googlecode\json-simple\json-simple\1.1\json-simple-1.1.jar;C:\Users\anubhavagarwal\.m2\repository\net\iharder\base64\2.3.8\base64-2.3.8.jar;C:\Users\anubhavagarwal\.m2\repository\info\cukes\cucumber-html\0.2.1\cucumber-html-0.2.1.jar;C:\Users\anubhavagarwal\.m2\repository\com\thoughtworks\xstream\xstream\1.4.2\xstream-1.4.2.jar;C:\Users\anubhavagarwal\.m2\repository\xmlpull\xmlpull\1.1.3.1\xmlpull-1.1.3.1.jar;C:\Users\anubhavagarwal\.m2\repository\xpp3\xpp3_min\1.1.4c\xpp3_min-1.1.4c.jar;C:\Users\anubhavagarwal\.m2\repository\com\googlecode\java-diff-utils\diffutils\1.2.1\diffutils-1.2.1.jar;C:\Users\anubhavagarwal\.m2\repository\com\google\code\gson\gson\2.1\gson-2.1.jar;C:\Users\anubhavagarwal\.m2\repository\org\picocontainer\picocontainer\2.0\picocontainer-2.0.jar;C:\Users\anubhavagarwal\.m2\repository\junit\junit\4.8.1\junit-4.8.1.jar;"/>
    <property name="java.vm.specification.version" value="1.0"/>
    <property name="sun.arch.data.model" value="32"/>
    <property name="java.home" value="C:\Program Files\Java\jdk1.6.0\jre"/>
    <property name="java.specification.vendor" value="Sun Microsystems Inc."/>
    <property name="user.language" value="en"/>
    <property name="awt.toolkit" value="sun.awt.windows.WToolkit"/>
    <property name="java.vm.info" value="mixed mode, sharing"/>
    <property name="java.version" value="1.6.0"/>
    <property name="java.ext.dirs" value="C:\Program Files\Java\jdk1.6.0\jre\lib\ext;C:\Windows\Sun\Java\lib\ext"/>
    <property name="sun.boot.class.path" value="C:\Program Files\Java\jdk1.6.0\jre\lib\resources.jar;C:\Program Files\Java\jdk1.6.0\jre\lib\rt.jar;C:\Program Files\Java\jdk1.6.0\jre\lib\sunrsasign.jar;C:\Program Files\Java\jdk1.6.0\jre\lib\jsse.jar;C:\Program Files\Java\jdk1.6.0\jre\lib\jce.jar;C:\Program Files\Java\jdk1.6.0\jre\lib\charsets.jar;C:\Program Files\Java\jdk1.6.0\jre\classes"/>
    <property name="java.vendor" value="Sun Microsystems Inc."/>
    <property name="localRepository" value="C:\Users\anubhavagarwal\.m2\repository"/>
    <property name="file.separator" value="\"/>
    <property name="java.vendor.url.bug" value="http://java.sun.com/cgi-bin/bugreport.cgi"/>
    <property name="sun.cpu.endian" value="little"/>
    <property name="sun.io.unicode.encoding" value="UnicodeLittle"/>
    <property name="sun.desktop" value="windows"/>
    <property name="sun.cpu.isalist" value="pentium_pro+mmx pentium_pro pentium+mmx pentium i486 i386 i86"/>
  </properties>
  <testcase time="0.009" classname="Scenario: Search for QAInfotech" name="Given I am on Bings&apos;s home page">
    <skipped/>
  </testcase>
  <testcase time="0" classname="Scenario: Search for QAInfotech" name="When I enter the keyword &quot;QA Infotech&quot;">
    <skipped/>
  </testcase>
  <testcase time="0" classname="Scenario: Search for QAInfotech" name="And click the Submit button">
    <skipped/>
  </testcase>
  <testcase time="0" classname="Scenario: Search for QAInfotech" name="Then the page title should be &quot;QA Infotech - Bing&quot;">
    <skipped/>
  </testcase>
  <testcase time="0.001" classname="Scenario: Search for QAInfotech" name="Scenario: Search for QAInfotech"/>
</testsuite>